=== Naive Include Optimizer ===
Performing initial compilation...
ERROR: Solution d:\dev\ZombieCrimson\trunk\Project\CrimsonGL.sln doesn't compile for specified configuration Debug even without any optimizations.
=== Naive Include Optimizer ===
Performing initial compilation...
ERROR: Solution d:\dev\ZombieCrimson\trunk\Project\CrimsonGL.sln doesn't compile for specified configuration Debug even without any optimizations.
=== Naive Include Optimizer ===
Performing initial compilation...
ERROR: Solution d:\dev\ZombieCrimson\trunk\Project\CrimsonGL.sln doesn't compile for specified configuration Debug even without any optimizations.
=== Naive Include Optimizer ===
Performing initial compilation...
ERROR: Solution d:\dev\ZombieCrimson\trunk\Project\CrimsonGL.sln doesn't compile for specified configuration Debug even without any optimizations.
=== Naive Include Optimizer ===
Performing initial compilation...
ERROR: Solution d:\dev\ZombieCrimson\trunk\Project\CrimsonGL.sln doesn't compile for specified configuration Release even without any optimizations.
=== Naive Include Optimizer ===
Performing initial compilation...
ERROR: Solution d:\dev\ZombieCrimson\trunk\Project\CrimsonGL.sln doesn't compile for specified configuration Debug even without any optimizations.
=== Naive Include Optimizer ===
Performing initial compilation...
ERROR: Failed to get source files from directory d:\dev\ZombieCrimson\trunk\Project\src", reason: Illegal characters in path.
Naive Include Optimizer by Maciej Sawitus ver 1.0
Usage:
  NaiveIncludeOptimizer.exe <devenv-path> <sln-path> <config> <src-dir>
Info:
  <devenv-path> - path to your Visual Studio devend compiler, e.g.: C:\Program Files (x86)\Microsoft Visual Studio 11.0\Common7\IDE\devenv.exe
  <sln-path>    - path to your solution, e.g. C:\my_project\my_project.sln
  <config>      - solution configuration to be used, e.g. Debug
  <src-dir>     - path to directory containing all source files to be optimized, e.g. C:\my_project\src
Example command line:
  NaiveIncludeOptimizer.exe "C:\Program Files (x86)\Microsoft Visual Studio 11.0\Common7\IDE\devenv.exe" "C:\my_project\my_project.sln" "Debug" "C:\my_project\src"
=== Naive Include Optimizer ===
Performing initial compilation...
ERROR: Failed to get source files from directory d:\dev\ZombieCrimson\trunk\Project\src", reason: Illegal characters in path.
Naive Include Optimizer by Maciej Sawitus ver 1.0
Usage:
  NaiveIncludeOptimizer.exe <devenv-path> <sln-path> <config> <src-dir>
Info:
  <devenv-path> - path to your Visual Studio devend compiler, e.g.: C:\Program Files (x86)\Microsoft Visual Studio 11.0\Common7\IDE\devenv.exe
  <sln-path>    - path to your solution, e.g. C:\my_project\my_project.sln
  <config>      - solution configuration to be used, e.g. Debug
  <src-dir>     - path to directory containing all source files to be optimized, e.g. C:\my_project\src
Example command line:
  NaiveIncludeOptimizer.exe "C:\Program Files (x86)\Microsoft Visual Studio 11.0\Common7\IDE\devenv.exe" "C:\my_project\my_project.sln" "Debug" "C:\my_project\src"
=== Naive Include Optimizer ===
Performing initial compilation...
Optimizing d:\dev\ZombieCrimson\trunk\Project\src\BSP\BSPAnimations.cpp...
Optimizing d:\dev\ZombieCrimson\trunk\Project\src\BSP\BSPEntities.cpp...
Optimizing d:\dev\ZombieCrimson\trunk\Project\src\BSP\BSPLoad.cpp...
Optimizing d:\dev\ZombieCrimson\trunk\Project\src\BSP\BSPObservers.cpp...
Optimizing d:\dev\ZombieCrimson\trunk\Project\src\BSP\BSPRender.cpp...
Optimizing d:\dev\ZombieCrimson\trunk\Project\src\BSP\Frustum.cpp...
Optimizing d:\dev\ZombieCrimson\trunk\Project\src\Client\ClientInput.cpp...
Optimizing d:\dev\ZombieCrimson\trunk\Project\src\Client\ClientLogic.cpp...
Optimizing d:\dev\ZombieCrimson\trunk\Project\src\Client\ClientNetwork.cpp...
Optimizing d:\dev\ZombieCrimson\trunk\Project\src\Client\GUI\ClientGUI.cpp...
Optimizing d:\dev\ZombieCrimson\trunk\Project\src\Common\Assert.cpp...
=== Naive Include Optimizer ===
Performing initial compilation...
ERROR: Solution d:\dev\ZombieCrimson\trunk\Project\CrimsonGL.sln doesn't compile for specified configuration Debug even without any optimizations.
=== Naive Include Optimizer ===
Performing initial compilation...
ERROR: Solution d:\dev\ZombieCrimson\trunk\Project\CrimsonGL.sln doesn't compile for specified configuration Debug even without any optimizations.
=== Naive Include Optimizer ===
Performing initial compilation...
ERROR: Solution d:\dev\ZombieCrimson\trunk\Project\CrimsonGL.sln doesn't compile for specified configuration Debug even without any optimizations.
=== Naive Include Optimizer ===
Performing initial compilation...
ERROR: Solution d:\dev\ZombieCrimson\trunk\Project\CrimsonGL.sln doesn't compile for specified configuration Debug even without any optimizations.
=== Naive Include Optimizer ===
Performing initial compilation...
ERROR: Solution d:\dev\ZombieCrimson\trunk\Project\CrimsonGL.sln doesn't compile for specified configuration Debug even without any optimizations.
=== Naive Include Optimizer ===
Performing initial compilation...
Resuming from d:\dev\ZombieCrimson\trunk\Project\src\Common\Assert.cpp file
Optimizing d:\dev\ZombieCrimson\trunk\Project\src\Common\Assert.cpp...
=== Naive Include Optimizer ===
Performing initial compilation...
ERROR: Solution d:\dev\ZombieCrimson\trunk\Project\CrimsonGL.sln doesn't compile for specified configuration Debug even without any optimizations.
